1656137820726:ghfghfh
1656137824111:help
1656137830648:test hi
1656138151229:help
1656138155425:test jkhjfhjksdhjkfs
1656138273145:help
1656138275838:test
1656205721086:help
1656208270267:begin Alex
1656208281609:show-user-name
1656209186216:help
1656209190372:exit
1656209620954:help
1656209632543:begin Alex
1656209637487:show-user
1656210434526:exit
1656210446111:begin Alex
1656210451213:show-user
1656210457771:help
1656210475540:show-question
1656210495538:exit
1656210506591:begin Alex
1656210513868:show-user
1656210518347:help
1656210527564:show-question
1656210600255:begin Alex
1656210608132:show-question
1656210666961:begin Alex
1656210681282:show-question
1656210720453:show-answer-option
1656210836248:begin Alex
1656210842351:show-question
1656210853295:show-answer-option
1656211869028:quit
1656211880590:begin Alex
1656211884875:help
1656211894888:show-user
1656211905564:show-question
1656211921620:show-answer-option
1656211936036:set-answer 1
1656211947484:show-question
1656211961676:show-answer-option
1656211973005:set-answer 2
1656211983172:show-answer-option
1656213232968:show-result
1656235591870:help
1656235596980:get-user
1656235608179:show-uset
1656235618521:show-user
1656235623611:begin Alex
1656235629995:show-user
1656235645332:quit
1656235777351:begin alex
1656235784824:show-question
1656235795515:show-answer
1656235843057:show-answer-options
1656235853880:help
1656235863363:show-answer-option
1656235873172:set-answer 1
1656235882173:show-answer-option
1656235890069:set-answer 1
1656235897814:show-result
1656235912261:show-question
1656235921037:set-answer
1656235928140:set-answer 1
1656235937055:show-question
1656235948132:set-answer
1656235953270:set-answer 1
1656235955347:set-answer
1656235959157:set-answer 1
1656235973122:show-question
1656235989014:show-result
1656235993764:uit
1656235996404:quit
